0 verbose cli /usr/local/bin/node /usr/local/bin/npm
1 info using npm@11.11.0
2 info using node@v24.14.1
3 silly config load:file:/usr/local/lib/node_modules/npm/npmrc
4 silly config load:file:/Users/timmy/www/novel/code/textCheck/frontend/.npmrc
5 silly config load:file:/Users/timmy/.npmrc
6 silly config load:file:/usr/local/etc/npmrc
7 verbose title npm install
8 verbose argv "install" "--cache" ".npm-cache"
9 verbose logfile logs-max:10 dir:/Users/timmy/www/novel/code/textCheck/frontend/.npm-cache/_logs/2026-07-18T00_55_32_218Z-
10 verbose logfile /Users/timmy/www/novel/code/textCheck/frontend/.npm-cache/_logs/2026-07-18T00_55_32_218Z-debug-0.log
11 silly logfile done cleaning log files
12 silly packumentCache heap:4496293888 maxSize:1124073472 maxEntrySize:562036736
13 silly idealTree buildDeps
14 silly fetch manifest @vitejs/plugin-react@latest
15 silly packumentCache full:https://registry.npmjs.org/@vitejs%2fplugin-react cache-miss
16 http fetch GET 200 https://registry.npmjs.org/@vitejs%2fplugin-react 770ms (cache miss)
17 silly packumentCache full:https://registry.npmjs.org/@vitejs%2fplugin-react set size:undefined disposed:false
18 silly fetch manifest @rolldown/plugin-babel@^0.1.7 || ^0.2.0
19 silly packumentCache full:https://registry.npmjs.org/@rolldown%2fplugin-babel cache-miss
20 http fetch GET 200 https://registry.npmjs.org/@rolldown%2fplugin-babel 211ms (cache miss)
21 silly packumentCache full:https://registry.npmjs.org/@rolldown%2fplugin-babel set size:undefined disposed:false
22 silly fetch manifest @babel/core@^7.29.0 || ^8.0.0-rc.1
23 silly packumentCache full:https://registry.npmjs.org/@babel%2fcore cache-miss
24 http fetch GET 200 https://registry.npmjs.org/npm 1262ms
25 http fetch GET 200 https://registry.npmjs.org/@babel%2fcore 410ms (cache miss)
26 silly packumentCache full:https://registry.npmjs.org/@babel%2fcore set size:undefined disposed:false
27 silly fetch manifest @babel/plugin-transform-runtime@^7.29.0 || ^8.0.0-rc.1
28 silly packumentCache full:https://registry.npmjs.org/@babel%2fplugin-transform-runtime cache-miss
29 http fetch GET 200 https://registry.npmjs.org/@babel%2fplugin-transform-runtime 271ms (cache miss)
30 silly packumentCache full:https://registry.npmjs.org/@babel%2fplugin-transform-runtime set size:undefined disposed:false
31 silly fetch manifest @babel/runtime@^7.27.0 || ^8.0.0-rc.1
32 silly packumentCache full:https://registry.npmjs.org/@babel%2fruntime cache-miss
33 http fetch GET 200 https://registry.npmjs.org/@babel%2fruntime 412ms (cache miss)
34 silly packumentCache full:https://registry.npmjs.org/@babel%2fruntime set size:undefined disposed:false
35 silly fetch manifest rolldown@^1.0.0-rc.5
36 silly packumentCache full:https://registry.npmjs.org/rolldown cache-miss
37 http fetch GET 200 https://registry.npmjs.org/rolldown 398ms (cache miss)
38 silly packumentCache full:https://registry.npmjs.org/rolldown set size:undefined disposed:false
39 silly fetch manifest vite@latest
40 silly packumentCache full:https://registry.npmjs.org/vite cache-miss
41 http fetch GET 200 https://registry.npmjs.org/vite 1818ms (cache miss)
42 silly packumentCache full:https://registry.npmjs.org/vite set size:undefined disposed:false
43 silly fetch manifest @types/node@^20.19.0 || >=22.12.0
44 silly packumentCache full:https://registry.npmjs.org/@types%2fnode cache-miss
45 http fetch GET 200 https://registry.npmjs.org/@types%2fnode 713ms (cache miss)
46 silly packumentCache full:https://registry.npmjs.org/@types%2fnode set size:undefined disposed:false
47 silly fetch manifest @vitejs/devtools@^0.3.0
48 silly packumentCache full:https://registry.npmjs.org/@vitejs%2fdevtools cache-miss
49 http fetch GET 200 https://registry.npmjs.org/@vitejs%2fdevtools 249ms (cache miss)
50 silly packumentCache full:https://registry.npmjs.org/@vitejs%2fdevtools set size:undefined disposed:false
51 silly fetch manifest esbuild@^0.27.0 || ^0.28.0
52 silly packumentCache full:https://registry.npmjs.org/esbuild cache-miss
53 http fetch GET 200 https://registry.npmjs.org/esbuild 278ms (cache miss)
54 silly packumentCache full:https://registry.npmjs.org/esbuild set size:undefined disposed:false
55 silly fetch manifest jiti@>=1.21.0
56 silly packumentCache full:https://registry.npmjs.org/jiti cache-miss
57 http fetch GET 200 https://registry.npmjs.org/jiti 207ms (cache miss)
58 silly packumentCache full:https://registry.npmjs.org/jiti set size:undefined disposed:false
59 silly fetch manifest less@^4.0.0
60 silly packumentCache full:https://registry.npmjs.org/less cache-miss
61 http fetch GET 200 https://registry.npmjs.org/less 229ms (cache miss)
62 silly packumentCache full:https://registry.npmjs.org/less set size:undefined disposed:false
63 silly fetch manifest sass@^1.70.0
64 silly packumentCache full:https://registry.npmjs.org/sass cache-miss
65 http fetch GET 200 https://registry.npmjs.org/sass 231ms (cache miss)
66 silly packumentCache full:https://registry.npmjs.org/sass set size:undefined disposed:false
67 silly fetch manifest sass-embedded@^1.70.0
68 silly packumentCache full:https://registry.npmjs.org/sass-embedded cache-miss
69 http fetch GET 200 https://registry.npmjs.org/sass-embedded 225ms (cache miss)
70 silly packumentCache full:https://registry.npmjs.org/sass-embedded set size:undefined disposed:false
71 silly fetch manifest stylus@>=0.54.8
72 silly packumentCache full:https://registry.npmjs.org/stylus cache-miss
73 http fetch GET 200 https://registry.npmjs.org/stylus 203ms (cache miss)
74 silly packumentCache full:https://registry.npmjs.org/stylus set size:undefined disposed:false
75 silly fetch manifest sugarss@^5.0.0
76 silly packumentCache full:https://registry.npmjs.org/sugarss cache-miss
77 http fetch GET 200 https://registry.npmjs.org/sugarss 206ms (cache miss)
78 silly packumentCache full:https://registry.npmjs.org/sugarss set size:undefined disposed:false
79 silly fetch manifest postcss@^8.3.3
80 silly packumentCache full:https://registry.npmjs.org/postcss cache-miss
81 http fetch GET 200 https://registry.npmjs.org/postcss 218ms (cache miss)
82 silly packumentCache full:https://registry.npmjs.org/postcss set size:undefined disposed:false
83 silly fetch manifest terser@^5.16.0
84 silly packumentCache full:https://registry.npmjs.org/terser cache-miss
85 http fetch GET 200 https://registry.npmjs.org/terser 239ms (cache miss)
86 silly packumentCache full:https://registry.npmjs.org/terser set size:undefined disposed:false
87 silly fetch manifest tsx@^4.8.1
88 silly packumentCache full:https://registry.npmjs.org/tsx cache-miss
89 http fetch GET 200 https://registry.npmjs.org/tsx 207ms (cache miss)
90 silly packumentCache full:https://registry.npmjs.org/tsx set size:undefined disposed:false
91 silly fetch manifest yaml@^2.4.2
92 silly packumentCache full:https://registry.npmjs.org/yaml cache-miss
93 http fetch GET 200 https://registry.npmjs.org/yaml 215ms (cache miss)
94 silly packumentCache full:https://registry.npmjs.org/yaml set size:undefined disposed:false
95 silly fetch manifest babel-plugin-react-compiler@^1.0.0
96 silly packumentCache full:https://registry.npmjs.org/babel-plugin-react-compiler cache-miss
97 http fetch GET 200 https://registry.npmjs.org/babel-plugin-react-compiler 221ms (cache miss)
98 silly packumentCache full:https://registry.npmjs.org/babel-plugin-react-compiler set size:undefined disposed:false
99 silly fetch manifest typescript@latest
100 silly packumentCache full:https://registry.npmjs.org/typescript cache-miss
101 http fetch GET 200 https://registry.npmjs.org/typescript 530ms (cache miss)
102 silly packumentCache full:https://registry.npmjs.org/typescript set size:undefined disposed:false
103 silly fetch manifest react@latest
104 silly packumentCache full:https://registry.npmjs.org/react cache-miss
105 http fetch GET 200 https://registry.npmjs.org/react 341ms (cache miss)
106 silly packumentCache full:https://registry.npmjs.org/react set size:undefined disposed:false
107 silly fetch manifest react-dom@latest
108 silly packumentCache full:https://registry.npmjs.org/react-dom cache-miss
109 http fetch GET 200 https://registry.npmjs.org/react-dom 482ms (cache miss)
110 silly packumentCache full:https://registry.npmjs.org/react-dom set size:undefined disposed:false
111 silly placeDep ROOT @vitejs/plugin-react@6.0.3 OK for:  want: latest
112 silly placeDep ROOT vite@8.1.5 OK for: @vitejs/plugin-react@6.0.3 want: ^8.0.0
113 silly placeDep ROOT react@19.2.7 OK for:  want: latest
114 silly placeDep ROOT react-dom@19.2.7 OK for:  want: latest
115 silly placeDep ROOT typescript@7.0.2 OK for:  want: latest
116 silly fetch manifest @rolldown/pluginutils@^1.0.1
117 silly packumentCache full:https://registry.npmjs.org/@rolldown%2fpluginutils cache-miss
118 silly fetch manifest lightningcss@^1.32.0
119 silly packumentCache full:https://registry.npmjs.org/lightningcss cache-miss
120 silly fetch manifest picomatch@^4.0.5
121 silly packumentCache full:https://registry.npmjs.org/picomatch cache-miss
122 silly fetch manifest postcss@^8.5.17
123 silly packumentCache full:https://registry.npmjs.org/postcss cache-miss
124 silly fetch manifest rolldown@~1.1.5
125 silly packumentCache full:https://registry.npmjs.org/rolldown cache-miss
126 silly fetch manifest tinyglobby@^0.2.17
127 silly packumentCache full:https://registry.npmjs.org/tinyglobby cache-miss
128 silly fetch manifest fsevents@~2.3.3
129 silly packumentCache full:https://registry.npmjs.org/fsevents cache-miss
130 silly fetch manifest scheduler@^0.27.0
131 silly packumentCache full:https://registry.npmjs.org/scheduler cache-miss
132 silly fetch manifest @typescript/typescript-aix-ppc64@7.0.2
133 silly packumentCache full:https://registry.npmjs.org/@typescript%2ftypescript-aix-ppc64 cache-miss
134 silly fetch manifest @typescript/typescript-linux-arm@7.0.2
135 silly packumentCache full:https://registry.npmjs.org/@typescript%2ftypescript-linux-arm cache-miss
136 silly fetch manifest @typescript/typescript-linux-x64@7.0.2
137 silly packumentCache full:https://registry.npmjs.org/@typescript%2ftypescript-linux-x64 cache-miss
138 http cache https://registry.npmjs.org/postcss 12ms (cache hit)
139 silly packumentCache full:https://registry.npmjs.org/postcss set size:736604 disposed:false
140 silly fetch manifest @typescript/typescript-sunos-x64@7.0.2
141 silly packumentCache full:https://registry.npmjs.org/@typescript%2ftypescript-sunos-x64 cache-miss
142 http cache https://registry.npmjs.org/rolldown 17ms (cache hit)
143 silly packumentCache full:https://registry.npmjs.org/rolldown set size:3761943 disposed:false
144 silly fetch manifest @typescript/typescript-win32-x64@7.0.2
145 silly packumentCache full:https://registry.npmjs.org/@typescript%2ftypescript-win32-x64 cache-miss
146 http fetch GET 200 https://registry.npmjs.org/lightningcss 219ms (cache miss)
147 silly packumentCache full:https://registry.npmjs.org/lightningcss set size:undefined disposed:false
148 silly fetch manifest @typescript/typescript-darwin-x64@7.0.2
149 silly packumentCache full:https://registry.npmjs.org/@typescript%2ftypescript-darwin-x64 cache-miss
150 http fetch GET 200 https://registry.npmjs.org/@rolldown%2fpluginutils 225ms (cache miss)
151 silly packumentCache full:https://registry.npmjs.org/@rolldown%2fpluginutils set size:undefined disposed:false
152 silly fetch manifest @typescript/typescript-netbsd-x64@7.0.2
153 silly packumentCache full:https://registry.npmjs.org/@typescript%2ftypescript-netbsd-x64 cache-miss
154 http fetch GET 200 https://registry.npmjs.org/@typescript%2ftypescript-netbsd-x64 216ms (cache miss)
155 silly packumentCache full:https://registry.npmjs.org/@typescript%2ftypescript-netbsd-x64 set size:undefined disposed:false
156 silly fetch manifest @typescript/typescript-freebsd-x64@7.0.2
157 silly packumentCache full:https://registry.npmjs.org/@typescript%2ftypescript-freebsd-x64 cache-miss
158 http fetch GET 200 https://registry.npmjs.org/@typescript%2ftypescript-darwin-x64 235ms (cache miss)
159 silly packumentCache full:https://registry.npmjs.org/@typescript%2ftypescript-darwin-x64 set size:undefined disposed:false
160 silly fetch manifest @typescript/typescript-linux-arm64@7.0.2
161 silly packumentCache full:https://registry.npmjs.org/@typescript%2ftypescript-linux-arm64 cache-miss
162 http fetch GET 200 https://registry.npmjs.org/@typescript%2ftypescript-freebsd-x64 205ms (cache miss)
163 silly packumentCache full:https://registry.npmjs.org/@typescript%2ftypescript-freebsd-x64 set size:undefined disposed:false
164 silly fetch manifest @typescript/typescript-linux-ppc64@7.0.2
165 silly packumentCache full:https://registry.npmjs.org/@typescript%2ftypescript-linux-ppc64 cache-miss
166 http fetch GET 200 https://registry.npmjs.org/@typescript%2ftypescript-linux-arm64 222ms (cache miss)
167 silly packumentCache full:https://registry.npmjs.org/@typescript%2ftypescript-linux-arm64 set size:undefined disposed:false
168 silly fetch manifest @typescript/typescript-linux-s390x@7.0.2
169 silly packumentCache full:https://registry.npmjs.org/@typescript%2ftypescript-linux-s390x cache-miss
170 http fetch GET 200 https://registry.npmjs.org/tinyglobby 724ms (cache miss)
171 silly packumentCache full:https://registry.npmjs.org/tinyglobby set size:undefined disposed:false
172 silly fetch manifest @typescript/typescript-openbsd-x64@7.0.2
173 silly packumentCache full:https://registry.npmjs.org/@typescript%2ftypescript-openbsd-x64 cache-miss
174 http fetch GET 200 https://registry.npmjs.org/@typescript%2ftypescript-aix-ppc64 730ms (cache miss)
175 silly packumentCache full:https://registry.npmjs.org/@typescript%2ftypescript-aix-ppc64 set size:undefined disposed:false
176 silly fetch manifest @typescript/typescript-win32-arm64@7.0.2
177 silly packumentCache full:https://registry.npmjs.org/@typescript%2ftypescript-win32-arm64 cache-miss
178 http fetch GET 200 https://registry.npmjs.org/@typescript%2ftypescript-linux-x64 735ms (cache miss)
179 silly packumentCache full:https://registry.npmjs.org/@typescript%2ftypescript-linux-x64 set size:undefined disposed:false
180 silly fetch manifest @typescript/typescript-darwin-arm64@7.0.2
181 silly packumentCache full:https://registry.npmjs.org/@typescript%2ftypescript-darwin-arm64 cache-miss
182 http fetch GET 200 https://registry.npmjs.org/picomatch 738ms (cache miss)
183 silly packumentCache full:https://registry.npmjs.org/picomatch set size:undefined disposed:false
184 silly fetch manifest @typescript/typescript-netbsd-arm64@7.0.2
185 silly packumentCache full:https://registry.npmjs.org/@typescript%2ftypescript-netbsd-arm64 cache-miss
186 http fetch GET 200 https://registry.npmjs.org/@typescript%2ftypescript-win32-x64 717ms (cache miss)
187 silly packumentCache full:https://registry.npmjs.org/@typescript%2ftypescript-win32-x64 set size:undefined disposed:false
188 silly fetch manifest @typescript/typescript-freebsd-arm64@7.0.2
189 silly packumentCache full:https://registry.npmjs.org/@typescript%2ftypescript-freebsd-arm64 cache-miss
190 http fetch GET 200 https://registry.npmjs.org/@typescript%2ftypescript-linux-arm 743ms (cache miss)
191 silly packumentCache full:https://registry.npmjs.org/@typescript%2ftypescript-linux-arm set size:undefined disposed:false
192 silly fetch manifest @typescript/typescript-linux-loong64@7.0.2
193 silly packumentCache full:https://registry.npmjs.org/@typescript%2ftypescript-linux-loong64 cache-miss
194 http fetch GET 200 https://registry.npmjs.org/fsevents 745ms (cache miss)
195 silly packumentCache full:https://registry.npmjs.org/fsevents set size:undefined disposed:false
196 silly fetch manifest @typescript/typescript-linux-riscv64@7.0.2
197 silly packumentCache full:https://registry.npmjs.org/@typescript%2ftypescript-linux-riscv64 cache-miss
198 http fetch GET 200 https://registry.npmjs.org/@typescript%2ftypescript-sunos-x64 778ms (cache miss)
199 silly packumentCache full:https://registry.npmjs.org/@typescript%2ftypescript-sunos-x64 set size:undefined disposed:false
200 silly fetch manifest @typescript/typescript-openbsd-arm64@7.0.2
201 silly packumentCache full:https://registry.npmjs.org/@typescript%2ftypescript-openbsd-arm64 cache-miss
202 http fetch GET 200 https://registry.npmjs.org/@typescript%2ftypescript-linux-ppc64 204ms (cache miss)
203 silly packumentCache full:https://registry.npmjs.org/@typescript%2ftypescript-linux-ppc64 set size:undefined disposed:false
204 silly fetch manifest @typescript/typescript-linux-mips64el@7.0.2
205 silly packumentCache full:https://registry.npmjs.org/@typescript%2ftypescript-linux-mips64el cache-miss
206 http fetch GET 200 https://registry.npmjs.org/@typescript%2ftypescript-linux-s390x 259ms (cache miss)
207 silly packumentCache full:https://registry.npmjs.org/@typescript%2ftypescript-linux-s390x set size:undefined disposed:false
208 http fetch GET 200 https://registry.npmjs.org/@typescript%2ftypescript-win32-arm64 206ms (cache miss)
209 silly packumentCache full:https://registry.npmjs.org/@typescript%2ftypescript-win32-arm64 set size:undefined disposed:false
210 http fetch GET 200 https://registry.npmjs.org/@typescript%2ftypescript-freebsd-arm64 196ms (cache miss)
211 silly packumentCache full:https://registry.npmjs.org/@typescript%2ftypescript-freebsd-arm64 set size:undefined disposed:false
212 http fetch GET 200 https://registry.npmjs.org/@typescript%2ftypescript-darwin-arm64 223ms (cache miss)
213 silly packumentCache full:https://registry.npmjs.org/@typescript%2ftypescript-darwin-arm64 set size:undefined disposed:false
214 http fetch GET 200 https://registry.npmjs.org/@typescript%2ftypescript-linux-riscv64 213ms (cache miss)
215 silly packumentCache full:https://registry.npmjs.org/@typescript%2ftypescript-linux-riscv64 set size:undefined disposed:false
216 http fetch GET 200 https://registry.npmjs.org/@typescript%2ftypescript-linux-loong64 215ms (cache miss)
217 silly packumentCache full:https://registry.npmjs.org/@typescript%2ftypescript-linux-loong64 set size:undefined disposed:false
218 http fetch GET 200 https://registry.npmjs.org/@typescript%2ftypescript-netbsd-arm64 226ms (cache miss)
219 silly packumentCache full:https://registry.npmjs.org/@typescript%2ftypescript-netbsd-arm64 set size:undefined disposed:false
220 http fetch GET 200 https://registry.npmjs.org/@typescript%2ftypescript-openbsd-x64 239ms (cache miss)
221 silly packumentCache full:https://registry.npmjs.org/@typescript%2ftypescript-openbsd-x64 set size:undefined disposed:false
222 http fetch GET 200 https://registry.npmjs.org/@typescript%2ftypescript-openbsd-arm64 247ms (cache miss)
223 silly packumentCache full:https://registry.npmjs.org/@typescript%2ftypescript-openbsd-arm64 set size:undefined disposed:false
224 http fetch GET 200 https://registry.npmjs.org/@typescript%2ftypescript-linux-mips64el 206ms (cache miss)
225 silly packumentCache full:https://registry.npmjs.org/@typescript%2ftypescript-linux-mips64el set size:undefined disposed:false
226 http fetch GET 200 https://registry.npmjs.org/scheduler 1607ms (cache miss)
227 silly packumentCache full:https://registry.npmjs.org/scheduler set size:undefined disposed:false
228 silly placeDep ROOT @rolldown/pluginutils@1.0.1 OK for: @vitejs/plugin-react@6.0.3 want: ^1.0.1
229 silly placeDep ROOT scheduler@0.27.0 OK for: react-dom@19.2.7 want: ^0.27.0
230 silly placeDep ROOT @typescript/typescript-aix-ppc64@7.0.2 OK for: typescript@7.0.2 want: 7.0.2
231 silly placeDep ROOT @typescript/typescript-darwin-arm64@7.0.2 OK for: typescript@7.0.2 want: 7.0.2
232 silly placeDep ROOT @typescript/typescript-darwin-x64@7.0.2 OK for: typescript@7.0.2 want: 7.0.2
233 silly placeDep ROOT @typescript/typescript-freebsd-arm64@7.0.2 OK for: typescript@7.0.2 want: 7.0.2
234 silly placeDep ROOT @typescript/typescript-freebsd-x64@7.0.2 OK for: typescript@7.0.2 want: 7.0.2
235 silly placeDep ROOT @typescript/typescript-linux-arm@7.0.2 OK for: typescript@7.0.2 want: 7.0.2
236 silly placeDep ROOT @typescript/typescript-linux-arm64@7.0.2 OK for: typescript@7.0.2 want: 7.0.2
237 silly placeDep ROOT @typescript/typescript-linux-loong64@7.0.2 OK for: typescript@7.0.2 want: 7.0.2
238 silly placeDep ROOT @typescript/typescript-linux-mips64el@7.0.2 OK for: typescript@7.0.2 want: 7.0.2
239 silly placeDep ROOT @typescript/typescript-linux-ppc64@7.0.2 OK for: typescript@7.0.2 want: 7.0.2
240 silly placeDep ROOT @typescript/typescript-linux-riscv64@7.0.2 OK for: typescript@7.0.2 want: 7.0.2
241 silly placeDep ROOT @typescript/typescript-linux-s390x@7.0.2 OK for: typescript@7.0.2 want: 7.0.2
242 silly placeDep ROOT @typescript/typescript-linux-x64@7.0.2 OK for: typescript@7.0.2 want: 7.0.2
243 silly placeDep ROOT @typescript/typescript-netbsd-arm64@7.0.2 OK for: typescript@7.0.2 want: 7.0.2
244 silly placeDep ROOT @typescript/typescript-netbsd-x64@7.0.2 OK for: typescript@7.0.2 want: 7.0.2
245 silly placeDep ROOT @typescript/typescript-openbsd-arm64@7.0.2 OK for: typescript@7.0.2 want: 7.0.2
246 silly placeDep ROOT @typescript/typescript-openbsd-x64@7.0.2 OK for: typescript@7.0.2 want: 7.0.2
247 silly placeDep ROOT @typescript/typescript-sunos-x64@7.0.2 OK for: typescript@7.0.2 want: 7.0.2
248 silly placeDep ROOT @typescript/typescript-win32-arm64@7.0.2 OK for: typescript@7.0.2 want: 7.0.2
249 silly placeDep ROOT @typescript/typescript-win32-x64@7.0.2 OK for: typescript@7.0.2 want: 7.0.2
250 silly placeDep ROOT fsevents@2.3.3 OK for: vite@8.1.5 want: ~2.3.3
251 silly placeDep ROOT lightningcss@1.32.0 OK for: vite@8.1.5 want: ^1.32.0
252 silly placeDep ROOT picomatch@4.0.5 OK for: vite@8.1.5 want: ^4.0.5
253 silly placeDep ROOT postcss@8.5.19 OK for: vite@8.1.5 want: ^8.5.17
254 silly placeDep ROOT rolldown@1.1.5 OK for: vite@8.1.5 want: ~1.1.5
255 silly placeDep ROOT tinyglobby@0.2.17 OK for: vite@8.1.5 want: ^0.2.17
256 silly fetch manifest detect-libc@^2.0.3
257 silly packumentCache full:https://registry.npmjs.org/detect-libc cache-miss
258 silly fetch manifest lightningcss-darwin-x64@1.32.0
259 silly packumentCache full:https://registry.npmjs.org/lightningcss-darwin-x64 cache-miss
260 silly fetch manifest lightningcss-linux-x64-gnu@1.32.0
261 silly packumentCache full:https://registry.npmjs.org/lightningcss-linux-x64-gnu cache-miss
262 silly fetch manifest lightningcss-win32-x64-msvc@1.32.0
263 silly packumentCache full:https://registry.npmjs.org/lightningcss-win32-x64-msvc cache-miss
264 silly fetch manifest lightningcss-win32-arm64-msvc@1.32.0
265 silly packumentCache full:https://registry.npmjs.org/lightningcss-win32-arm64-msvc cache-miss
266 silly fetch manifest lightningcss-darwin-arm64@1.32.0
267 silly packumentCache full:https://registry.npmjs.org/lightningcss-darwin-arm64 cache-miss
268 silly fetch manifest lightningcss-linux-arm64-gnu@1.32.0
269 silly packumentCache full:https://registry.npmjs.org/lightningcss-linux-arm64-gnu cache-miss
270 silly fetch manifest lightningcss-linux-arm-gnueabihf@1.32.0
271 silly packumentCache full:https://registry.npmjs.org/lightningcss-linux-arm-gnueabihf cache-miss
272 silly fetch manifest lightningcss-linux-arm64-musl@1.32.0
273 silly packumentCache full:https://registry.npmjs.org/lightningcss-linux-arm64-musl cache-miss
274 silly fetch manifest lightningcss-linux-x64-musl@1.32.0
275 silly packumentCache full:https://registry.npmjs.org/lightningcss-linux-x64-musl cache-miss
276 silly fetch manifest lightningcss-freebsd-x64@1.32.0
277 silly packumentCache full:https://registry.npmjs.org/lightningcss-freebsd-x64 cache-miss
278 http fetch GET 200 https://registry.npmjs.org/lightningcss-win32-arm64-msvc 202ms (cache miss)
279 silly packumentCache full:https://registry.npmjs.org/lightningcss-win32-arm64-msvc set size:undefined disposed:false
280 silly fetch manifest lightningcss-android-arm64@1.32.0
281 silly packumentCache full:https://registry.npmjs.org/lightningcss-android-arm64 cache-miss
282 http fetch GET 200 https://registry.npmjs.org/lightningcss-linux-x64-gnu 204ms (cache miss)
283 silly packumentCache full:https://registry.npmjs.org/lightningcss-linux-x64-gnu set size:undefined disposed:false
284 silly fetch manifest nanoid@^3.3.12
285 silly packumentCache full:https://registry.npmjs.org/nanoid cache-miss
286 http fetch GET 200 https://registry.npmjs.org/lightningcss-linux-arm64-gnu 208ms (cache miss)
287 silly packumentCache full:https://registry.npmjs.org/lightningcss-linux-arm64-gnu set size:undefined disposed:false
288 silly fetch manifest picocolors@^1.1.1
289 silly packumentCache full:https://registry.npmjs.org/picocolors cache-miss
290 http fetch GET 200 https://registry.npmjs.org/lightningcss-freebsd-x64 208ms (cache miss)
291 silly packumentCache full:https://registry.npmjs.org/lightningcss-freebsd-x64 set size:undefined disposed:false
292 silly fetch manifest source-map-js@^1.2.1
293 silly packumentCache full:https://registry.npmjs.org/source-map-js cache-miss
294 http fetch GET 200 https://registry.npmjs.org/lightningcss-linux-arm-gnueabihf 211ms (cache miss)
295 silly packumentCache full:https://registry.npmjs.org/lightningcss-linux-arm-gnueabihf set size:undefined disposed:false
296 silly fetch manifest @oxc-project/types@=0.139.0
297 silly packumentCache full:https://registry.npmjs.org/@oxc-project%2ftypes cache-miss
298 http fetch GET 200 https://registry.npmjs.org/lightningcss-darwin-arm64 214ms (cache miss)
299 silly packumentCache full:https://registry.npmjs.org/lightningcss-darwin-arm64 set size:undefined disposed:false
300 silly fetch manifest @rolldown/binding-darwin-x64@1.1.5
301 silly packumentCache full:https://registry.npmjs.org/@rolldown%2fbinding-darwin-x64 cache-miss
302 http fetch GET 200 https://registry.npmjs.org/detect-libc 215ms (cache miss)
303 silly packumentCache full:https://registry.npmjs.org/detect-libc set size:undefined disposed:false
304 silly fetch manifest @rolldown/binding-freebsd-x64@1.1.5
305 silly packumentCache full:https://registry.npmjs.org/@rolldown%2fbinding-freebsd-x64 cache-miss
306 http fetch GET 200 https://registry.npmjs.org/lightningcss-linux-x64-musl 216ms (cache miss)
307 silly packumentCache full:https://registry.npmjs.org/lightningcss-linux-x64-musl set size:undefined disposed:false
308 silly fetch manifest @rolldown/binding-wasm32-wasi@1.1.5
309 silly packumentCache full:https://registry.npmjs.org/@rolldown%2fbinding-wasm32-wasi cache-miss
310 http fetch GET 200 https://registry.npmjs.org/lightningcss-linux-arm64-musl 219ms (cache miss)
311 silly packumentCache full:https://registry.npmjs.org/lightningcss-linux-arm64-musl set size:undefined disposed:false
312 silly fetch manifest @rolldown/binding-darwin-arm64@1.1.5
313 silly packumentCache full:https://registry.npmjs.org/@rolldown%2fbinding-darwin-arm64 cache-miss
314 http fetch GET 200 https://registry.npmjs.org/lightningcss-darwin-x64 220ms (cache miss)
315 silly packumentCache full:https://registry.npmjs.org/lightningcss-darwin-x64 set size:undefined disposed:false
316 silly fetch manifest @rolldown/binding-android-arm64@1.1.5
317 silly packumentCache full:https://registry.npmjs.org/@rolldown%2fbinding-android-arm64 cache-miss
318 http fetch GET 200 https://registry.npmjs.org/lightningcss-win32-x64-msvc 222ms (cache miss)
319 silly packumentCache full:https://registry.npmjs.org/lightningcss-win32-x64-msvc set size:undefined disposed:false
320 silly fetch manifest @rolldown/binding-linux-x64-gnu@1.1.5
321 silly packumentCache full:https://registry.npmjs.org/@rolldown%2fbinding-linux-x64-gnu cache-miss
322 http fetch GET 200 https://registry.npmjs.org/lightningcss-android-arm64 195ms (cache miss)
323 silly packumentCache full:https://registry.npmjs.org/lightningcss-android-arm64 set size:undefined disposed:false
324 silly fetch manifest @rolldown/binding-linux-x64-musl@1.1.5
325 silly packumentCache full:https://registry.npmjs.org/@rolldown%2fbinding-linux-x64-musl cache-miss
326 http fetch GET 200 https://registry.npmjs.org/source-map-js 202ms (cache miss)
327 silly packumentCache full:https://registry.npmjs.org/source-map-js set size:undefined disposed:false
328 silly fetch manifest @rolldown/binding-win32-x64-msvc@1.1.5
329 silly packumentCache full:https://registry.npmjs.org/@rolldown%2fbinding-win32-x64-msvc cache-miss
330 http fetch GET 200 https://registry.npmjs.org/picocolors 204ms (cache miss)
331 silly packumentCache full:https://registry.npmjs.org/picocolors set size:undefined disposed:false
332 silly fetch manifest @rolldown/binding-linux-arm64-gnu@1.1.5
333 silly packumentCache full:https://registry.npmjs.org/@rolldown%2fbinding-linux-arm64-gnu cache-miss
334 http fetch GET 200 https://registry.npmjs.org/@rolldown%2fbinding-android-arm64 228ms (cache miss)
335 silly packumentCache full:https://registry.npmjs.org/@rolldown%2fbinding-android-arm64 set size:undefined disposed:false
336 silly fetch manifest @rolldown/binding-linux-ppc64-gnu@1.1.5
337 silly packumentCache full:https://registry.npmjs.org/@rolldown%2fbinding-linux-ppc64-gnu cache-miss
338 http fetch GET 200 https://registry.npmjs.org/@rolldown%2fbinding-wasm32-wasi 257ms (cache miss)
339 silly packumentCache full:https://registry.npmjs.org/@rolldown%2fbinding-wasm32-wasi set size:undefined disposed:false
340 silly fetch manifest @rolldown/binding-linux-s390x-gnu@1.1.5
341 silly packumentCache full:https://registry.npmjs.org/@rolldown%2fbinding-linux-s390x-gnu cache-miss
342 http fetch GET 200 https://registry.npmjs.org/@oxc-project%2ftypes 287ms (cache miss)
343 silly packumentCache full:https://registry.npmjs.org/@oxc-project%2ftypes set size:undefined disposed:false
344 silly fetch manifest @rolldown/binding-linux-arm64-musl@1.1.5
345 silly packumentCache full:https://registry.npmjs.org/@rolldown%2fbinding-linux-arm64-musl cache-miss
346 http fetch GET 200 https://registry.npmjs.org/@rolldown%2fbinding-darwin-x64 285ms (cache miss)
347 silly packumentCache full:https://registry.npmjs.org/@rolldown%2fbinding-darwin-x64 set size:undefined disposed:false
348 silly fetch manifest @rolldown/binding-win32-arm64-msvc@1.1.5
349 silly packumentCache full:https://registry.npmjs.org/@rolldown%2fbinding-win32-arm64-msvc cache-miss
350 http fetch GET 200 https://registry.npmjs.org/nanoid 361ms (cache miss)
351 silly packumentCache full:https://registry.npmjs.org/nanoid set size:undefined disposed:false
352 silly fetch manifest @rolldown/binding-openharmony-arm64@1.1.5
353 silly packumentCache full:https://registry.npmjs.org/@rolldown%2fbinding-openharmony-arm64 cache-miss
354 http fetch GET 200 https://registry.npmjs.org/@rolldown%2fbinding-linux-ppc64-gnu 211ms (cache miss)
355 silly packumentCache full:https://registry.npmjs.org/@rolldown%2fbinding-linux-ppc64-gnu set size:undefined disposed:false
356 silly fetch manifest @rolldown/binding-linux-arm-gnueabihf@1.1.5
357 silly packumentCache full:https://registry.npmjs.org/@rolldown%2fbinding-linux-arm-gnueabihf cache-miss
358 http fetch GET 200 https://registry.npmjs.org/@rolldown%2fbinding-freebsd-x64 473ms (cache miss)
359 silly packumentCache full:https://registry.npmjs.org/@rolldown%2fbinding-freebsd-x64 set size:undefined disposed:false
360 silly fetch manifest fdir@^6.5.0
361 silly packumentCache full:https://registry.npmjs.org/fdir cache-miss
362 http fetch GET 200 https://registry.npmjs.org/@rolldown%2fbinding-win32-x64-msvc 284ms (cache miss)
363 silly packumentCache full:https://registry.npmjs.org/@rolldown%2fbinding-win32-x64-msvc set size:undefined disposed:false
364 http fetch GET 200 https://registry.npmjs.org/@rolldown%2fbinding-linux-s390x-gnu 225ms (cache miss)
365 silly packumentCache full:https://registry.npmjs.org/@rolldown%2fbinding-linux-s390x-gnu set size:undefined disposed:false
366 http fetch GET 200 https://registry.npmjs.org/@rolldown%2fbinding-linux-x64-gnu 502ms (cache miss)
367 silly packumentCache full:https://registry.npmjs.org/@rolldown%2fbinding-linux-x64-gnu set size:undefined disposed:false
368 http fetch GET 200 https://registry.npmjs.org/@rolldown%2fbinding-darwin-arm64 541ms (cache miss)
369 silly packumentCache full:https://registry.npmjs.org/@rolldown%2fbinding-darwin-arm64 set size:undefined disposed:false
370 http fetch GET 200 https://registry.npmjs.org/@rolldown%2fbinding-win32-arm64-msvc 264ms (cache miss)
371 silly packumentCache full:https://registry.npmjs.org/@rolldown%2fbinding-win32-arm64-msvc set size:undefined disposed:false
372 http fetch GET 200 https://registry.npmjs.org/@rolldown%2fbinding-openharmony-arm64 212ms (cache miss)
373 silly packumentCache full:https://registry.npmjs.org/@rolldown%2fbinding-openharmony-arm64 set size:undefined disposed:false
374 http fetch GET 200 https://registry.npmjs.org/@rolldown%2fbinding-linux-x64-musl 454ms (cache miss)
375 silly packumentCache full:https://registry.npmjs.org/@rolldown%2fbinding-linux-x64-musl set size:undefined disposed:false
376 http fetch GET 200 https://registry.npmjs.org/@rolldown%2fbinding-linux-arm64-gnu 484ms (cache miss)
377 silly packumentCache full:https://registry.npmjs.org/@rolldown%2fbinding-linux-arm64-gnu set size:undefined disposed:false
378 http fetch GET 200 https://registry.npmjs.org/fdir 217ms (cache miss)
379 silly packumentCache full:https://registry.npmjs.org/fdir set size:undefined disposed:false
380 http fetch GET 200 https://registry.npmjs.org/@rolldown%2fbinding-linux-arm64-musl 514ms (cache miss)
381 silly packumentCache full:https://registry.npmjs.org/@rolldown%2fbinding-linux-arm64-musl set size:undefined disposed:false
382 http fetch GET 200 https://registry.npmjs.org/@rolldown%2fbinding-linux-arm-gnueabihf 490ms (cache miss)
383 silly packumentCache full:https://registry.npmjs.org/@rolldown%2fbinding-linux-arm-gnueabihf set size:undefined disposed:false
384 silly placeDep ROOT detect-libc@2.1.2 OK for: lightningcss@1.32.0 want: ^2.0.3
385 silly placeDep ROOT lightningcss-android-arm64@1.32.0 OK for: lightningcss@1.32.0 want: 1.32.0
386 silly placeDep ROOT lightningcss-darwin-arm64@1.32.0 OK for: lightningcss@1.32.0 want: 1.32.0
387 silly placeDep ROOT lightningcss-darwin-x64@1.32.0 OK for: lightningcss@1.32.0 want: 1.32.0
388 silly placeDep ROOT lightningcss-freebsd-x64@1.32.0 OK for: lightningcss@1.32.0 want: 1.32.0
389 silly placeDep ROOT lightningcss-linux-arm-gnueabihf@1.32.0 OK for: lightningcss@1.32.0 want: 1.32.0
390 silly placeDep ROOT lightningcss-linux-arm64-gnu@1.32.0 OK for: lightningcss@1.32.0 want: 1.32.0
391 silly placeDep ROOT lightningcss-linux-arm64-musl@1.32.0 OK for: lightningcss@1.32.0 want: 1.32.0
392 silly placeDep ROOT lightningcss-linux-x64-gnu@1.32.0 OK for: lightningcss@1.32.0 want: 1.32.0
393 silly placeDep ROOT lightningcss-linux-x64-musl@1.32.0 OK for: lightningcss@1.32.0 want: 1.32.0
394 silly placeDep ROOT lightningcss-win32-arm64-msvc@1.32.0 OK for: lightningcss@1.32.0 want: 1.32.0
395 silly placeDep ROOT lightningcss-win32-x64-msvc@1.32.0 OK for: lightningcss@1.32.0 want: 1.32.0
396 silly placeDep ROOT nanoid@3.3.16 OK for: postcss@8.5.19 want: ^3.3.12
397 silly placeDep ROOT picocolors@1.1.1 OK for: postcss@8.5.19 want: ^1.1.1
398 silly placeDep ROOT source-map-js@1.2.1 OK for: postcss@8.5.19 want: ^1.2.1
399 silly placeDep ROOT @oxc-project/types@0.139.0 OK for: rolldown@1.1.5 want: =0.139.0
400 silly placeDep ROOT @rolldown/binding-android-arm64@1.1.5 OK for: rolldown@1.1.5 want: 1.1.5
401 silly placeDep ROOT @rolldown/binding-darwin-arm64@1.1.5 OK for: rolldown@1.1.5 want: 1.1.5
402 silly placeDep ROOT @rolldown/binding-darwin-x64@1.1.5 OK for: rolldown@1.1.5 want: 1.1.5
403 silly placeDep ROOT @rolldown/binding-freebsd-x64@1.1.5 OK for: rolldown@1.1.5 want: 1.1.5
404 silly placeDep ROOT @rolldown/binding-linux-arm-gnueabihf@1.1.5 OK for: rolldown@1.1.5 want: 1.1.5
405 silly placeDep ROOT @rolldown/binding-linux-arm64-gnu@1.1.5 OK for: rolldown@1.1.5 want: 1.1.5
406 silly placeDep ROOT @rolldown/binding-linux-arm64-musl@1.1.5 OK for: rolldown@1.1.5 want: 1.1.5
407 silly placeDep ROOT @rolldown/binding-linux-ppc64-gnu@1.1.5 OK for: rolldown@1.1.5 want: 1.1.5
408 silly placeDep ROOT @rolldown/binding-linux-s390x-gnu@1.1.5 OK for: rolldown@1.1.5 want: 1.1.5
409 silly placeDep ROOT @rolldown/binding-linux-x64-gnu@1.1.5 OK for: rolldown@1.1.5 want: 1.1.5
410 silly placeDep ROOT @rolldown/binding-linux-x64-musl@1.1.5 OK for: rolldown@1.1.5 want: 1.1.5
411 silly placeDep ROOT @rolldown/binding-openharmony-arm64@1.1.5 OK for: rolldown@1.1.5 want: 1.1.5
412 silly placeDep ROOT @rolldown/binding-wasm32-wasi@1.1.5 OK for: rolldown@1.1.5 want: 1.1.5
413 silly placeDep ROOT @rolldown/binding-win32-arm64-msvc@1.1.5 OK for: rolldown@1.1.5 want: 1.1.5
414 silly placeDep ROOT @rolldown/binding-win32-x64-msvc@1.1.5 OK for: rolldown@1.1.5 want: 1.1.5
415 silly fetch manifest @emnapi/core@1.11.1
416 silly packumentCache full:https://registry.npmjs.org/@emnapi%2fcore cache-miss
417 silly fetch manifest @emnapi/runtime@1.11.1
418 silly packumentCache full:https://registry.npmjs.org/@emnapi%2fruntime cache-miss
419 silly fetch manifest @napi-rs/wasm-runtime@^1.1.6
420 silly packumentCache full:https://registry.npmjs.org/@napi-rs%2fwasm-runtime cache-miss
421 http fetch GET 200 https://registry.npmjs.org/@emnapi%2fruntime 210ms (cache miss)
422 silly packumentCache full:https://registry.npmjs.org/@emnapi%2fruntime set size:undefined disposed:false
423 http fetch GET 200 https://registry.npmjs.org/@napi-rs%2fwasm-runtime 225ms (cache miss)
424 silly packumentCache full:https://registry.npmjs.org/@napi-rs%2fwasm-runtime set size:undefined disposed:false
425 http fetch GET 200 https://registry.npmjs.org/@emnapi%2fcore 230ms (cache miss)
426 silly packumentCache full:https://registry.npmjs.org/@emnapi%2fcore set size:undefined disposed:false
427 silly placeDep ROOT @emnapi/core@1.11.1 OK for: @rolldown/binding-wasm32-wasi@1.1.5 want: 1.11.1
428 silly placeDep ROOT @emnapi/runtime@1.11.1 OK for: @rolldown/binding-wasm32-wasi@1.1.5 want: 1.11.1
429 silly placeDep ROOT @napi-rs/wasm-runtime@1.1.6 OK for: @rolldown/binding-wasm32-wasi@1.1.5 want: ^1.1.6
430 silly fetch manifest tslib@^2.4.0
431 silly packumentCache full:https://registry.npmjs.org/tslib cache-miss
432 silly fetch manifest @emnapi/wasi-threads@1.2.2
433 silly packumentCache full:https://registry.npmjs.org/@emnapi%2fwasi-threads cache-miss
434 silly fetch manifest tslib@^2.4.0
435 silly packumentCache full:https://registry.npmjs.org/tslib cache-miss
436 silly fetch manifest @tybys/wasm-util@^0.10.3
437 silly packumentCache full:https://registry.npmjs.org/@tybys%2fwasm-util cache-miss
438 http fetch GET 200 https://registry.npmjs.org/tslib 209ms (cache miss)
439 silly packumentCache full:https://registry.npmjs.org/tslib set size:undefined disposed:false
440 http fetch GET 200 https://registry.npmjs.org/@tybys%2fwasm-util 215ms (cache miss)
441 silly packumentCache full:https://registry.npmjs.org/@tybys%2fwasm-util set size:undefined disposed:false
442 http fetch GET 200 https://registry.npmjs.org/tslib 221ms (cache miss)
443 silly packumentCache full:https://registry.npmjs.org/tslib set size:undefined disposed:false
444 http fetch GET 200 https://registry.npmjs.org/@emnapi%2fwasi-threads 224ms (cache miss)
445 silly packumentCache full:https://registry.npmjs.org/@emnapi%2fwasi-threads set size:undefined disposed:false
446 silly placeDep ROOT @emnapi/wasi-threads@1.2.2 OK for: @emnapi/core@1.11.1 want: 1.2.2
447 silly placeDep ROOT tslib@2.8.1 OK for: @emnapi/core@1.11.1 want: ^2.4.0
448 silly placeDep ROOT @tybys/wasm-util@0.10.3 OK for: @napi-rs/wasm-runtime@1.1.6 want: ^0.10.3
449 silly fetch manifest picomatch@^4.0.4
450 silly packumentCache full:https://registry.npmjs.org/picomatch cache-miss
451 http cache https://registry.npmjs.org/picomatch 3ms (cache hit)
452 silly packumentCache full:https://registry.npmjs.org/picomatch set size:128942 disposed:false
453 silly placeDep ROOT fdir@6.5.0 OK for: tinyglobby@0.2.17 want: ^6.5.0
454 silly reify moves {}
455 silly audit bulk request {
455 silly audit   '@vitejs/plugin-react': [ '6.0.3' ],
455 silly audit   vite: [ '8.1.5' ],
455 silly audit   react: [ '19.2.7' ],
455 silly audit   'react-dom': [ '19.2.7' ],
455 silly audit   typescript: [ '7.0.2' ],
455 silly audit   '@rolldown/pluginutils': [ '1.0.1' ],
455 silly audit   scheduler: [ '0.27.0' ],
455 silly audit   '@typescript/typescript-aix-ppc64': [ '7.0.2' ],
455 silly audit   '@typescript/typescript-darwin-arm64': [ '7.0.2' ],
455 silly audit   '@typescript/typescript-darwin-x64': [ '7.0.2' ],
455 silly audit   '@typescript/typescript-freebsd-arm64': [ '7.0.2' ],
455 silly audit   '@typescript/typescript-freebsd-x64': [ '7.0.2' ],
455 silly audit   '@typescript/typescript-linux-arm': [ '7.0.2' ],
455 silly audit   '@typescript/typescript-linux-arm64': [ '7.0.2' ],
455 silly audit   '@typescript/typescript-linux-loong64': [ '7.0.2' ],
455 silly audit   '@typescript/typescript-linux-mips64el': [ '7.0.2' ],
455 silly audit   '@typescript/typescript-linux-ppc64': [ '7.0.2' ],
455 silly audit   '@typescript/typescript-linux-riscv64': [ '7.0.2' ],
455 silly audit   '@typescript/typescript-linux-s390x': [ '7.0.2' ],
455 silly audit   '@typescript/typescript-linux-x64': [ '7.0.2' ],
455 silly audit   '@typescript/typescript-netbsd-arm64': [ '7.0.2' ],
455 silly audit   '@typescript/typescript-netbsd-x64': [ '7.0.2' ],
455 silly audit   '@typescript/typescript-openbsd-arm64': [ '7.0.2' ],
455 silly audit   '@typescript/typescript-openbsd-x64': [ '7.0.2' ],
455 silly audit   '@typescript/typescript-sunos-x64': [ '7.0.2' ],
455 silly audit   '@typescript/typescript-win32-arm64': [ '7.0.2' ],
455 silly audit   '@typescript/typescript-win32-x64': [ '7.0.2' ],
455 silly audit   fsevents: [ '2.3.3' ],
455 silly audit   lightningcss: [ '1.32.0' ],
455 silly audit   picomatch: [ '4.0.5' ],
455 silly audit   postcss: [ '8.5.19' ],
455 silly audit   rolldown: [ '1.1.5' ],
455 silly audit   tinyglobby: [ '0.2.17' ],
455 silly audit   'detect-libc': [ '2.1.2' ],
455 silly audit   'lightningcss-android-arm64': [ '1.32.0' ],
455 silly audit   'lightningcss-darwin-arm64': [ '1.32.0' ],
455 silly audit   'lightningcss-darwin-x64': [ '1.32.0' ],
455 silly audit   'lightningcss-freebsd-x64': [ '1.32.0' ],
455 silly audit   'lightningcss-linux-arm-gnueabihf': [ '1.32.0' ],
455 silly audit   'lightningcss-linux-arm64-gnu': [ '1.32.0' ],
455 silly audit   'lightningcss-linux-arm64-musl': [ '1.32.0' ],
455 silly audit   'lightningcss-linux-x64-gnu': [ '1.32.0' ],
455 silly audit   'lightningcss-linux-x64-musl': [ '1.32.0' ],
455 silly audit   'lightningcss-win32-arm64-msvc': [ '1.32.0' ],
455 silly audit   'lightningcss-win32-x64-msvc': [ '1.32.0' ],
455 silly audit   nanoid: [ '3.3.16' ],
455 silly audit   picocolors: [ '1.1.1' ],
455 silly audit   'source-map-js': [ '1.2.1' ],
455 silly audit   '@oxc-project/types': [ '0.139.0' ],
455 silly audit   '@rolldown/binding-android-arm64': [ '1.1.5' ],
455 silly audit   '@rolldown/binding-darwin-arm64': [ '1.1.5' ],
455 silly audit   '@rolldown/binding-darwin-x64': [ '1.1.5' ],
455 silly audit   '@rolldown/binding-freebsd-x64': [ '1.1.5' ],
455 silly audit   '@rolldown/binding-linux-arm-gnueabihf': [ '1.1.5' ],
455 silly audit   '@rolldown/binding-linux-arm64-gnu': [ '1.1.5' ],
455 silly audit   '@rolldown/binding-linux-arm64-musl': [ '1.1.5' ],
455 silly audit   '@rolldown/binding-linux-ppc64-gnu': [ '1.1.5' ],
455 silly audit   '@rolldown/binding-linux-s390x-gnu': [ '1.1.5' ],
455 silly audit   '@rolldown/binding-linux-x64-gnu': [ '1.1.5' ],
455 silly audit   '@rolldown/binding-linux-x64-musl': [ '1.1.5' ],
455 silly audit   '@rolldown/binding-openharmony-arm64': [ '1.1.5' ],
455 silly audit   '@rolldown/binding-wasm32-wasi': [ '1.1.5' ],
455 silly audit   '@rolldown/binding-win32-arm64-msvc': [ '1.1.5' ],
455 silly audit   '@rolldown/binding-win32-x64-msvc': [ '1.1.5' ],
455 silly audit   '@emnapi/core': [ '1.11.1' ],
455 silly audit   '@emnapi/runtime': [ '1.11.1' ],
455 silly audit   '@napi-rs/wasm-runtime': [ '1.1.6' ],
455 silly audit   '@emnapi/wasi-threads': [ '1.2.2' ],
455 silly audit   tslib: [ '2.8.1' ],
455 silly audit   '@tybys/wasm-util': [ '0.10.3' ],
455 silly audit   fdir: [ '6.5.0' ]
455 silly audit }
456 http cache fdir@https://registry.npmjs.org/fdir/-/fdir-6.5.0.tgz 0ms (cache hit)
457 http cache nanoid@https://registry.npmjs.org/nanoid/-/nanoid-3.3.16.tgz 1ms (cache hit)
458 http cache @oxc-project/types@https://registry.npmjs.org/@oxc-project/types/-/types-0.139.0.tgz 0ms (cache hit)
459 http cache source-map-js@https://registry.npmjs.org/source-map-js/-/source-map-js-1.2.1.tgz 0ms (cache hit)
460 http cache detect-libc@https://registry.npmjs.org/detect-libc/-/detect-libc-2.1.2.tgz 0ms (cache hit)
461 http cache picocolors@https://registry.npmjs.org/picocolors/-/picocolors-1.1.1.tgz 0ms (cache hit)
462 http cache @rolldown/binding-darwin-arm64@https://registry.npmjs.org/@rolldown/binding-darwin-arm64/-/binding-darwin-arm64-1.1.5.tgz 0ms (cache hit)
463 http cache lightningcss-darwin-arm64@https://registry.npmjs.org/lightningcss-darwin-arm64/-/lightningcss-darwin-arm64-1.32.0.tgz 0ms (cache hit)
464 http cache rolldown@https://registry.npmjs.org/rolldown/-/rolldown-1.1.5.tgz 0ms (cache hit)
465 http cache tinyglobby@https://registry.npmjs.org/tinyglobby/-/tinyglobby-0.2.17.tgz 0ms (cache hit)
466 http cache lightningcss@https://registry.npmjs.org/lightningcss/-/lightningcss-1.32.0.tgz 0ms (cache hit)
467 http cache fsevents@https://registry.npmjs.org/fsevents/-/fsevents-2.3.3.tgz 0ms (cache hit)
468 http cache picomatch@https://registry.npmjs.org/picomatch/-/picomatch-4.0.5.tgz 0ms (cache hit)
469 http cache postcss@https://registry.npmjs.org/postcss/-/postcss-8.5.19.tgz 0ms (cache hit)
470 http cache scheduler@https://registry.npmjs.org/scheduler/-/scheduler-0.27.0.tgz 0ms (cache hit)
471 http cache @rolldown/pluginutils@https://registry.npmjs.org/@rolldown/pluginutils/-/pluginutils-1.0.1.tgz 0ms (cache hit)
472 http cache @typescript/typescript-darwin-arm64@https://registry.npmjs.org/@typescript/typescript-darwin-arm64/-/typescript-darwin-arm64-7.0.2.tgz 1ms (cache hit)
473 http cache react-dom@https://registry.npmjs.org/react-dom/-/react-dom-19.2.7.tgz 0ms (cache hit)
474 http cache vite@https://registry.npmjs.org/vite/-/vite-8.1.5.tgz 0ms (cache hit)
475 http cache react@https://registry.npmjs.org/react/-/react-19.2.7.tgz 0ms (cache hit)
476 http cache typescript@https://registry.npmjs.org/typescript/-/typescript-7.0.2.tgz 0ms (cache hit)
477 http cache @vitejs/plugin-react@https://registry.npmjs.org/@vitejs/plugin-react/-/plugin-react-6.0.3.tgz 0ms (cache hit)
478 silly tarball no local data for fdir@https://registry.npmjs.org/fdir/-/fdir-6.5.0.tgz. Extracting by manifest.
479 silly tarball no local data for nanoid@https://registry.npmjs.org/nanoid/-/nanoid-3.3.16.tgz. Extracting by manifest.
480 silly tarball no local data for @oxc-project/types@https://registry.npmjs.org/@oxc-project/types/-/types-0.139.0.tgz. Extracting by manifest.
481 silly tarball no local data for source-map-js@https://registry.npmjs.org/source-map-js/-/source-map-js-1.2.1.tgz. Extracting by manifest.
482 silly tarball no local data for detect-libc@https://registry.npmjs.org/detect-libc/-/detect-libc-2.1.2.tgz. Extracting by manifest.
483 silly tarball no local data for picocolors@https://registry.npmjs.org/picocolors/-/picocolors-1.1.1.tgz. Extracting by manifest.
484 silly tarball no local data for @rolldown/binding-darwin-arm64@https://registry.npmjs.org/@rolldown/binding-darwin-arm64/-/binding-darwin-arm64-1.1.5.tgz. Extracting by manifest.
485 silly tarball no local data for lightningcss-darwin-arm64@https://registry.npmjs.org/lightningcss-darwin-arm64/-/lightningcss-darwin-arm64-1.32.0.tgz. Extracting by manifest.
486 silly tarball no local data for rolldown@https://registry.npmjs.org/rolldown/-/rolldown-1.1.5.tgz. Extracting by manifest.
487 silly tarball no local data for tinyglobby@https://registry.npmjs.org/tinyglobby/-/tinyglobby-0.2.17.tgz. Extracting by manifest.
488 silly tarball no local data for lightningcss@https://registry.npmjs.org/lightningcss/-/lightningcss-1.32.0.tgz. Extracting by manifest.
489 silly tarball no local data for fsevents@https://registry.npmjs.org/fsevents/-/fsevents-2.3.3.tgz. Extracting by manifest.
490 silly tarball no local data for picomatch@https://registry.npmjs.org/picomatch/-/picomatch-4.0.5.tgz. Extracting by manifest.
491 silly tarball no local data for postcss@https://registry.npmjs.org/postcss/-/postcss-8.5.19.tgz. Extracting by manifest.
492 silly tarball no local data for scheduler@https://registry.npmjs.org/scheduler/-/scheduler-0.27.0.tgz. Extracting by manifest.
493 silly tarball no local data for @rolldown/pluginutils@https://registry.npmjs.org/@rolldown/pluginutils/-/pluginutils-1.0.1.tgz. Extracting by manifest.
494 silly tarball no local data for @typescript/typescript-darwin-arm64@https://registry.npmjs.org/@typescript/typescript-darwin-arm64/-/typescript-darwin-arm64-7.0.2.tgz. Extracting by manifest.
495 silly tarball no local data for react-dom@https://registry.npmjs.org/react-dom/-/react-dom-19.2.7.tgz. Extracting by manifest.
496 silly tarball no local data for vite@https://registry.npmjs.org/vite/-/vite-8.1.5.tgz. Extracting by manifest.
497 silly tarball no local data for react@https://registry.npmjs.org/react/-/react-19.2.7.tgz. Extracting by manifest.
498 silly tarball no local data for typescript@https://registry.npmjs.org/typescript/-/typescript-7.0.2.tgz. Extracting by manifest.
499 silly tarball no local data for @vitejs/plugin-react@https://registry.npmjs.org/@vitejs/plugin-react/-/plugin-react-6.0.3.tgz. Extracting by manifest.
500 http fetch GET 200 https://registry.npmjs.org/detect-libc/-/detect-libc-2.1.2.tgz 204ms (cache miss)
501 http fetch GET 200 https://registry.npmjs.org/fdir/-/fdir-6.5.0.tgz 208ms (cache miss)
502 http fetch GET 200 https://registry.npmjs.org/picocolors/-/picocolors-1.1.1.tgz 211ms (cache miss)
503 http fetch GET 200 https://registry.npmjs.org/nanoid/-/nanoid-3.3.16.tgz 213ms (cache miss)
504 http fetch GET 200 https://registry.npmjs.org/source-map-js/-/source-map-js-1.2.1.tgz 213ms (cache miss)
505 http fetch GET 200 https://registry.npmjs.org/tinyglobby/-/tinyglobby-0.2.17.tgz 219ms (cache miss)
506 http fetch GET 200 https://registry.npmjs.org/@oxc-project/types/-/types-0.139.0.tgz 220ms (cache miss)
507 http fetch POST 200 https://registry.npmjs.org/-/npm/v1/security/advisories/bulk 231ms
508 silly audit report {}
509 http fetch GET 200 https://registry.npmjs.org/rolldown/-/rolldown-1.1.5.tgz 344ms (cache miss)
510 http fetch GET 200 https://registry.npmjs.org/scheduler/-/scheduler-0.27.0.tgz 386ms (cache miss)
511 http fetch GET 200 https://registry.npmjs.org/react/-/react-19.2.7.tgz 432ms (cache miss)
512 http fetch GET 200 https://registry.npmjs.org/@rolldown/pluginutils/-/pluginutils-1.0.1.tgz 434ms (cache miss)
513 http fetch GET 200 https://registry.npmjs.org/@vitejs/plugin-react/-/plugin-react-6.0.3.tgz 441ms (cache miss)
514 http fetch GET 200 https://registry.npmjs.org/vite/-/vite-8.1.5.tgz 527ms (cache miss)
515 http fetch GET 200 https://registry.npmjs.org/typescript/-/typescript-7.0.2.tgz 667ms (cache miss)
516 http fetch GET 200 https://registry.npmjs.org/fsevents/-/fsevents-2.3.3.tgz 841ms (cache miss)
517 http fetch GET 200 https://registry.npmjs.org/picomatch/-/picomatch-4.0.5.tgz 844ms (cache miss)
518 http fetch GET 200 https://registry.npmjs.org/postcss/-/postcss-8.5.19.tgz 904ms (cache miss)
519 http fetch GET 200 https://registry.npmjs.org/react-dom/-/react-dom-19.2.7.tgz 1174ms (cache miss)
520 http fetch GET 200 https://registry.npmjs.org/lightningcss-darwin-arm64/-/lightningcss-darwin-arm64-1.32.0.tgz 1195ms (cache miss)
521 http fetch GET 200 https://registry.npmjs.org/lightningcss/-/lightningcss-1.32.0.tgz 1198ms (cache miss)
522 http fetch GET 200 https://registry.npmjs.org/@rolldown/binding-darwin-arm64/-/binding-darwin-arm64-1.1.5.tgz 1830ms (cache miss)
523 http fetch GET 200 https://registry.npmjs.org/@typescript/typescript-darwin-arm64/-/typescript-darwin-arm64-7.0.2.tgz 2295ms (cache miss)
524 info run fsevents@2.3.3 install node_modules/fsevents node-gyp rebuild
525 info run fsevents@2.3.3 install { code: 1, signal: null }
526 verbose reify failed optional dependency /Users/timmy/www/novel/code/textCheck/frontend/node_modules/fsevents
527 silly reify mark deleted [
527 silly reify   '/Users/timmy/www/novel/code/textCheck/frontend/node_modules/fsevents'
527 silly reify ]
528 silly ADD node_modules/fdir
529 silly ADD node_modules/@rolldown/binding-darwin-arm64
530 silly ADD node_modules/@oxc-project/types
531 silly ADD node_modules/source-map-js
532 silly ADD node_modules/picocolors
533 silly ADD node_modules/nanoid
534 silly ADD node_modules/lightningcss-darwin-arm64
535 silly ADD node_modules/detect-libc
536 silly ADD node_modules/tinyglobby
537 silly ADD node_modules/rolldown
538 silly ADD node_modules/postcss
539 silly ADD node_modules/picomatch
540 silly ADD node_modules/lightningcss
541 silly ADD
542 silly ADD node_modules/@typescript/typescript-darwin-arm64
543 silly ADD node_modules/scheduler
544 silly ADD node_modules/@rolldown/pluginutils
545 silly ADD node_modules/typescript
546 silly ADD node_modules/react-dom
547 silly ADD node_modules/react
548 silly ADD node_modules/vite
549 silly ADD node_modules/@vitejs/plugin-react
550 verbose cwd /Users/timmy/www/novel/code/textCheck/frontend
551 verbose os Darwin 24.1.0
552 verbose node v24.14.1
553 verbose npm  v11.11.0
554 notice
554 notice New minor version of npm available! 11.11.0 -> 11.18.0
554 notice Changelog: https://github.com/npm/cli/releases/tag/v11.18.0
554 notice To update run: npm install -g npm@11.18.0
554 notice  { force: true, Symbol(proc-log.meta): true }
555 verbose exit 0
556 info ok
